<?xml version="1.0" encoding="UTF-8"?>
<!-- Generated by org.testng.reporters.JUnitXMLReporter -->
<testsuite hostname="ATMECSINLT-269" ignored="0" name="Default test" tests="2" failures="0" timestamp="24 Apr 2020 06:55:26 GMT" time="4.429" errors="0">
  <testcase name="testpost" time="3.351" classname="com.qa.apiautomation.restassured.testscripts.TC002_POST_Request_DummyRestAPI"/>
  <testcase name="testGet" time="0.549" classname="com.qa.apiautomation.restassured.testscripts.TC002_POST_Request_DummyRestAPI"/>
</testsuite> <!-- Default test -->
