<?xml version="1.0" encoding="UTF-8"?>
<testng-results skipped="0" failed="0" ignored="0" total="1" passed="1">
  <reporter-output>
  </reporter-output>
  <suite name="Default suite" duration-ms="2668" started-at="2020-04-24T11:23:43Z" finished-at="2020-04-24T11:23:45Z">
    <groups>
    </groups>
    <test name="Default test" duration-ms="2668" started-at="2020-04-24T11:23:43Z" finished-at="2020-04-24T11:23:45Z">
      <class name="com.qa.apiautomation.restassured.testscripts.TC_003_GET_Request_DummyRestAPI">
        <test-method status="PASS" signature="getEmployeeIdsWithSalaries()[pri:0, instance:com.qa.apiautomation.restassured.testscripts.TC_003_GET_Request_DummyRestAPI@77caeb3e]" name="getEmployeeIdsWithSalaries" duration-ms="2632" started-at="2020-04-24T11:23:43Z" finished-at="2020-04-24T11:23:45Z">
          <reporter-output>
          </reporter-output>
        </test-method> <!-- getEmployeeIdsWithSalaries -->
      </class> <!-- com.qa.apiautomation.restassured.testscripts.TC_003_GET_Request_DummyRestAPI -->
    </test> <!-- Default test -->
  </suite> <!-- Default suite -->
</testng-results>
